2015/03/22 14:49:45 [error] [exception.CException] exception 'CException' with message 'UserController cannot find the requested view "login.php".' in F:\upupw\htdocs\Yii1.1\framework\web\CController.php:878
Stack trace:
#0 F:\upupw\htdocs\Yii1.1\framework\web\CController.php(782): CController->renderPartial('login.php', NULL, true)
#1 F:\upupw\htdocs\Yii1.1\shop\protected\controllers\UserController.php(8): CController->render('login.php')
#2 F:\upupw\htdocs\Yii1.1\framework\web\actions\CInlineAction.php(49): UserController->actionLogin()
#3 F:\upupw\htdocs\Yii1.1\framework\web\CController.php(308): CInlineAction->runWithParams(Array)
#4 F:\upupw\htdocs\Yii1.1\framework\web\CController.php(286): CController->runAction(Object(CInlineAction))
#5 F:\upupw\htdocs\Yii1.1\framework\web\CController.php(265): CController->runActionWithFilters(Object(CInlineAction), Array)
#6 F:\upupw\htdocs\Yii1.1\framework\web\CWebApplication.php(282): CController->run('login')
#7 F:\upupw\htdocs\Yii1.1\framework\web\CWebApplication.php(141): CWebApplication->runController('user/login')
#8 F:\upupw\htdocs\Yii1.1\framework\base\CApplication.php(184): CWebApplication->processRequest()
#9 F:\upupw\htdocs\Yii1.1\shop\index.php(13): CApplication->run()
#10 {main}
REQUEST_URI=/Yii1.1/shop/index.php?r=user/login
---
2015/03/22 16:13:09 [error] [php] Use of undefined constant HOUTAI_CSS_URL - assumed 'HOUTAI_CSS_URL' (F:\upupw\htdocs\Yii1.1\shop\protected\modules\admin\views\manager\login.php:9)
Stack trace:
#0 F:\upupw\htdocs\Yii1.1\framework\web\CController.php(869): ManagerController->renderFile()
#1 F:\upupw\htdocs\Yii1.1\shop\protected\modules\admin\controllers\ManagerController.php(11): ManagerController->renderPartial()
#2 F:\upupw\htdocs\Yii1.1\framework\web\actions\CInlineAction.php(49): ManagerController->actionLogin()
#3 F:\upupw\htdocs\Yii1.1\framework\web\CController.php(308): CInlineAction->runWithParams()
#4 F:\upupw\htdocs\Yii1.1\framework\web\CController.php(286): ManagerController->runAction()
#5 F:\upupw\htdocs\Yii1.1\framework\web\CController.php(265): ManagerController->runActionWithFilters()
#6 F:\upupw\htdocs\Yii1.1\framework\web\CWebApplication.php(282): ManagerController->run()
#7 F:\upupw\htdocs\Yii1.1\framework\web\CWebApplication.php(141): CWebApplication->runController()
#8 F:\upupw\htdocs\Yii1.1\framework\base\CApplication.php(184): CWebApplication->processRequest()
#9 F:\upupw\htdocs\Yii1.1\shop\index.php(21): CWebApplication->run()
REQUEST_URI=/index.php?r=admin/manager/login
in F:\upupw\htdocs\Yii1.1\shop\protected\modules\admin\views\manager\login.php (9)
in F:\upupw\htdocs\Yii1.1\shop\protected\modules\admin\controllers\ManagerController.php (11)
in F:\upupw\htdocs\Yii1.1\shop\index.php (21)
2015/03/22 16:27:59 [error] [exception.CHttpException.404] exception 'CHttpException' with message 'The system is unable to find the requested action "login".' in F:\upupw\htdocs\Yii1.1\framework\web\CController.php:483
Stack trace:
#0 F:\upupw\htdocs\Yii1.1\framework\web\CController.php(270): CController->missingAction('login')
#1 F:\upupw\htdocs\Yii1.1\framework\web\CWebApplication.php(282): CController->run('login')
#2 F:\upupw\htdocs\Yii1.1\framework\web\CWebApplication.php(141): CWebApplication->runController('admin/index/log...')
#3 F:\upupw\htdocs\Yii1.1\framework\base\CApplication.php(184): CWebApplication->processRequest()
#4 F:\upupw\htdocs\Yii1.1\shop\index.php(24): CApplication->run()
#5 {main}
REQUEST_URI=/index.php?r=admin/index/login
---
2015/03/22 16:28:05 [error] [exception.CHttpException.404] exception 'CHttpException' with message 'The system is unable to find the requested action "header".' in F:\upupw\htdocs\Yii1.1\framework\web\CController.php:483
Stack trace:
#0 F:\upupw\htdocs\Yii1.1\framework\web\CController.php(270): CController->missingAction('header')
#1 F:\upupw\htdocs\Yii1.1\framework\web\CWebApplication.php(282): CController->run('header')
#2 F:\upupw\htdocs\Yii1.1\framework\web\CWebApplication.php(141): CWebApplication->runController('admin/index/hea...')
#3 F:\upupw\htdocs\Yii1.1\framework\base\CApplication.php(184): CWebApplication->processRequest()
#4 F:\upupw\htdocs\Yii1.1\shop\index.php(24): CApplication->run()
#5 {main}
REQUEST_URI=/index.php?r=admin/index/header
---
2015/03/22 16:28:57 [error] [exception.CHttpException.404] exception 'CHttpException' with message 'Unable to resolve the request "houtai/index/head".' in F:\upupw\htdocs\Yii1.1\framework\web\CWebApplication.php:286
Stack trace:
#0 F:\upupw\htdocs\Yii1.1\framework\web\CWebApplication.php(141): CWebApplication->runController('houtai/index/he...')
#1 F:\upupw\htdocs\Yii1.1\framework\base\CApplication.php(184): CWebApplication->processRequest()
#2 F:\upupw\htdocs\Yii1.1\shop\index.php(24): CApplication->run()
#3 {main}
REQUEST_URI=/index.php?r=houtai/index/head
HTTP_REFERER=http://yiishop.local/index.php?r=admin/index/index
---
2015/03/22 16:28:57 [error] [exception.CHttpException.404] exception 'CHttpException' with message 'Unable to resolve the request "houtai/index/left".' in F:\upupw\htdocs\Yii1.1\framework\web\CWebApplication.php:286
Stack trace:
#0 F:\upupw\htdocs\Yii1.1\framework\web\CWebApplication.php(141): CWebApplication->runController('houtai/index/le...')
#1 F:\upupw\htdocs\Yii1.1\framework\base\CApplication.php(184): CWebApplication->processRequest()
#2 F:\upupw\htdocs\Yii1.1\shop\index.php(24): CApplication->run()
#3 {main}
REQUEST_URI=/index.php?r=houtai/index/left
HTTP_REFERER=http://yiishop.local/index.php?r=admin/index/index
---
2015/03/22 16:28:57 [error] [exception.CHttpException.404] exception 'CHttpException' with message 'Unable to resolve the request "houtai/index/right".' in F:\upupw\htdocs\Yii1.1\framework\web\CWebApplication.php:286
Stack trace:
#0 F:\upupw\htdocs\Yii1.1\framework\web\CWebApplication.php(141): CWebApplication->runController('houtai/index/ri...')
#1 F:\upupw\htdocs\Yii1.1\framework\base\CApplication.php(184): CWebApplication->processRequest()
#2 F:\upupw\htdocs\Yii1.1\shop\index.php(24): CApplication->run()
#3 {main}
REQUEST_URI=/index.php?r=houtai/index/right
HTTP_REFERER=http://yiishop.local/index.php?r=admin/index/index
---
2015/03/22 16:28:59 [error] [exception.CHttpException.404] exception 'CHttpException' with message 'Unable to resolve the request "houtai/index/head".' in F:\upupw\htdocs\Yii1.1\framework\web\CWebApplication.php:286
Stack trace:
#0 F:\upupw\htdocs\Yii1.1\framework\web\CWebApplication.php(141): CWebApplication->runController('houtai/index/he...')
#1 F:\upupw\htdocs\Yii1.1\framework\base\CApplication.php(184): CWebApplication->processRequest()
#2 F:\upupw\htdocs\Yii1.1\shop\index.php(24): CApplication->run()
#3 {main}
REQUEST_URI=/index.php?r=houtai/index/head
HTTP_REFERER=http://yiishop.local/index.php?r=admin/index/index
---
2015/03/22 16:28:59 [error] [exception.CHttpException.404] exception 'CHttpException' with message 'Unable to resolve the request "houtai/index/left".' in F:\upupw\htdocs\Yii1.1\framework\web\CWebApplication.php:286
Stack trace:
#0 F:\upupw\htdocs\Yii1.1\framework\web\CWebApplication.php(141): CWebApplication->runController('houtai/index/le...')
#1 F:\upupw\htdocs\Yii1.1\framework\base\CApplication.php(184): CWebApplication->processRequest()
#2 F:\upupw\htdocs\Yii1.1\shop\index.php(24): CApplication->run()
#3 {main}
REQUEST_URI=/index.php?r=houtai/index/left
HTTP_REFERER=http://yiishop.local/index.php?r=admin/index/index
---
2015/03/22 16:28:59 [error] [exception.CHttpException.404] exception 'CHttpException' with message 'Unable to resolve the request "houtai/index/right".' in F:\upupw\htdocs\Yii1.1\framework\web\CWebApplication.php:286
Stack trace:
#0 F:\upupw\htdocs\Yii1.1\framework\web\CWebApplication.php(141): CWebApplication->runController('houtai/index/ri...')
#1 F:\upupw\htdocs\Yii1.1\framework\base\CApplication.php(184): CWebApplication->processRequest()
#2 F:\upupw\htdocs\Yii1.1\shop\index.php(24): CApplication->run()
#3 {main}
REQUEST_URI=/index.php?r=houtai/index/right
HTTP_REFERER=http://yiishop.local/index.php?r=admin/index/index
---
2015/03/22 16:29:00 [error] [exception.CHttpException.404] exception 'CHttpException' with message 'Unable to resolve the request "houtai/index/head".' in F:\upupw\htdocs\Yii1.1\framework\web\CWebApplication.php:286
Stack trace:
#0 F:\upupw\htdocs\Yii1.1\framework\web\CWebApplication.php(141): CWebApplication->runController('houtai/index/he...')
#1 F:\upupw\htdocs\Yii1.1\framework\base\CApplication.php(184): CWebApplication->processRequest()
#2 F:\upupw\htdocs\Yii1.1\shop\index.php(24): CApplication->run()
#3 {main}
REQUEST_URI=/index.php?r=houtai/index/head
HTTP_REFERER=http://yiishop.local/index.php?r=admin/index/index
---
2015/03/22 16:29:00 [error] [exception.CHttpException.404] exception 'CHttpException' with message 'Unable to resolve the request "houtai/index/left".' in F:\upupw\htdocs\Yii1.1\framework\web\CWebApplication.php:286
Stack trace:
#0 F:\upupw\htdocs\Yii1.1\framework\web\CWebApplication.php(141): CWebApplication->runController('houtai/index/le...')
#1 F:\upupw\htdocs\Yii1.1\framework\base\CApplication.php(184): CWebApplication->processRequest()
#2 F:\upupw\htdocs\Yii1.1\shop\index.php(24): CApplication->run()
#3 {main}
REQUEST_URI=/index.php?r=houtai/index/left
HTTP_REFERER=http://yiishop.local/index.php?r=admin/index/index
---
2015/03/22 16:29:00 [error] [exception.CHttpException.404] exception 'CHttpException' with message 'Unable to resolve the request "houtai/index/right".' in F:\upupw\htdocs\Yii1.1\framework\web\CWebApplication.php:286
Stack trace:
#0 F:\upupw\htdocs\Yii1.1\framework\web\CWebApplication.php(141): CWebApplication->runController('houtai/index/ri...')
#1 F:\upupw\htdocs\Yii1.1\framework\base\CApplication.php(184): CWebApplication->processRequest()
#2 F:\upupw\htdocs\Yii1.1\shop\index.php(24): CApplication->run()
#3 {main}
REQUEST_URI=/index.php?r=houtai/index/right
HTTP_REFERER=http://yiishop.local/index.php?r=admin/index/index
---
2015/03/22 16:29:01 [error] [exception.CHttpException.404] exception 'CHttpException' with message 'Unable to resolve the request "houtai/index/head".' in F:\upupw\htdocs\Yii1.1\framework\web\CWebApplication.php:286
Stack trace:
#0 F:\upupw\htdocs\Yii1.1\framework\web\CWebApplication.php(141): CWebApplication->runController('houtai/index/he...')
#1 F:\upupw\htdocs\Yii1.1\framework\base\CApplication.php(184): CWebApplication->processRequest()
#2 F:\upupw\htdocs\Yii1.1\shop\index.php(24): CApplication->run()
#3 {main}
REQUEST_URI=/index.php?r=houtai/index/head
HTTP_REFERER=http://yiishop.local/index.php?r=admin/index/index
---
2015/03/22 16:29:01 [error] [exception.CHttpException.404] exception 'CHttpException' with message 'Unable to resolve the request "houtai/index/left".' in F:\upupw\htdocs\Yii1.1\framework\web\CWebApplication.php:286
Stack trace:
#0 F:\upupw\htdocs\Yii1.1\framework\web\CWebApplication.php(141): CWebApplication->runController('houtai/index/le...')
#1 F:\upupw\htdocs\Yii1.1\framework\base\CApplication.php(184): CWebApplication->processRequest()
#2 F:\upupw\htdocs\Yii1.1\shop\index.php(24): CApplication->run()
#3 {main}
REQUEST_URI=/index.php?r=houtai/index/left
HTTP_REFERER=http://yiishop.local/index.php?r=admin/index/index
---
2015/03/22 16:29:01 [error] [exception.CHttpException.404] exception 'CHttpException' with message 'Unable to resolve the request "houtai/index/left".' in F:\upupw\htdocs\Yii1.1\framework\web\CWebApplication.php:286
Stack trace:
#0 F:\upupw\htdocs\Yii1.1\framework\web\CWebApplication.php(141): CWebApplication->runController('houtai/index/le...')
#1 F:\upupw\htdocs\Yii1.1\framework\base\CApplication.php(184): CWebApplication->processRequest()
#2 F:\upupw\htdocs\Yii1.1\shop\index.php(24): CApplication->run()
#3 {main}
REQUEST_URI=/index.php?r=houtai/index/left
HTTP_REFERER=http://yiishop.local/index.php?r=admin/index/index
---
2015/03/22 16:29:01 [error] [exception.CHttpException.404] exception 'CHttpException' with message 'Unable to resolve the request "houtai/index/right".' in F:\upupw\htdocs\Yii1.1\framework\web\CWebApplication.php:286
Stack trace:
#0 F:\upupw\htdocs\Yii1.1\framework\web\CWebApplication.php(141): CWebApplication->runController('houtai/index/ri...')
#1 F:\upupw\htdocs\Yii1.1\framework\base\CApplication.php(184): CWebApplication->processRequest()
#2 F:\upupw\htdocs\Yii1.1\shop\index.php(24): CApplication->run()
#3 {main}
REQUEST_URI=/index.php?r=houtai/index/right
HTTP_REFERER=http://yiishop.local/index.php?r=admin/index/index
---
2015/03/22 16:29:01 [error] [exception.CHttpException.404] exception 'CHttpException' with message 'Unable to resolve the request "houtai/index/head".' in F:\upupw\htdocs\Yii1.1\framework\web\CWebApplication.php:286
Stack trace:
#0 F:\upupw\htdocs\Yii1.1\framework\web\CWebApplication.php(141): CWebApplication->runController('houtai/index/he...')
#1 F:\upupw\htdocs\Yii1.1\framework\base\CApplication.php(184): CWebApplication->processRequest()
#2 F:\upupw\htdocs\Yii1.1\shop\index.php(24): CApplication->run()
#3 {main}
REQUEST_URI=/index.php?r=houtai/index/head
HTTP_REFERER=http://yiishop.local/index.php?r=admin/index/index
---
2015/03/22 16:29:01 [error] [exception.CHttpException.404] exception 'CHttpException' with message 'Unable to resolve the request "houtai/index/head".' in F:\upupw\htdocs\Yii1.1\framework\web\CWebApplication.php:286
Stack trace:
#0 F:\upupw\htdocs\Yii1.1\framework\web\CWebApplication.php(141): CWebApplication->runController('houtai/index/he...')
#1 F:\upupw\htdocs\Yii1.1\framework\base\CApplication.php(184): CWebApplication->processRequest()
#2 F:\upupw\htdocs\Yii1.1\shop\index.php(24): CApplication->run()
#3 {main}
REQUEST_URI=/index.php?r=houtai/index/head
HTTP_REFERER=http://yiishop.local/index.php?r=admin/index/index
---
2015/03/22 16:29:01 [error] [exception.CHttpException.404] exception 'CHttpException' with message 'Unable to resolve the request "houtai/index/left".' in F:\upupw\htdocs\Yii1.1\framework\web\CWebApplication.php:286
Stack trace:
#0 F:\upupw\htdocs\Yii1.1\framework\web\CWebApplication.php(141): CWebApplication->runController('houtai/index/le...')
#1 F:\upupw\htdocs\Yii1.1\framework\base\CApplication.php(184): CWebApplication->processRequest()
#2 F:\upupw\htdocs\Yii1.1\shop\index.php(24): CApplication->run()
#3 {main}
REQUEST_URI=/index.php?r=houtai/index/left
HTTP_REFERER=http://yiishop.local/index.php?r=admin/index/index
---
2015/03/22 16:29:01 [error] [exception.CHttpException.404] exception 'CHttpException' with message 'Unable to resolve the request "houtai/index/right".' in F:\upupw\htdocs\Yii1.1\framework\web\CWebApplication.php:286
Stack trace:
#0 F:\upupw\htdocs\Yii1.1\framework\web\CWebApplication.php(141): CWebApplication->runController('houtai/index/ri...')
#1 F:\upupw\htdocs\Yii1.1\framework\base\CApplication.php(184): CWebApplication->processRequest()
#2 F:\upupw\htdocs\Yii1.1\shop\index.php(24): CApplication->run()
#3 {main}
REQUEST_URI=/index.php?r=houtai/index/right
HTTP_REFERER=http://yiishop.local/index.php?r=admin/index/index
---
2015/03/22 16:29:02 [error] [exception.CHttpException.404] exception 'CHttpException' with message 'Unable to resolve the request "houtai/index/right".' in F:\upupw\htdocs\Yii1.1\framework\web\CWebApplication.php:286
Stack trace:
#0 F:\upupw\htdocs\Yii1.1\framework\web\CWebApplication.php(141): CWebApplication->runController('houtai/index/ri...')
#1 F:\upupw\htdocs\Yii1.1\framework\base\CApplication.php(184): CWebApplication->processRequest()
#2 F:\upupw\htdocs\Yii1.1\shop\index.php(24): CApplication->run()
#3 {main}
REQUEST_URI=/index.php?r=houtai/index/right
HTTP_REFERER=http://yiishop.local/index.php?r=admin/index/index
---
2015/03/22 16:29:02 [error] [exception.CHttpException.404] exception 'CHttpException' with message 'Unable to resolve the request "houtai/index/left".' in F:\upupw\htdocs\Yii1.1\framework\web\CWebApplication.php:286
Stack trace:
#0 F:\upupw\htdocs\Yii1.1\framework\web\CWebApplication.php(141): CWebApplication->runController('houtai/index/le...')
#1 F:\upupw\htdocs\Yii1.1\framework\base\CApplication.php(184): CWebApplication->processRequest()
#2 F:\upupw\htdocs\Yii1.1\shop\index.php(24): CApplication->run()
#3 {main}
REQUEST_URI=/index.php?r=houtai/index/left
HTTP_REFERER=http://yiishop.local/index.php?r=admin/index/index
---
2015/03/22 16:29:02 [error] [exception.CHttpException.404] exception 'CHttpException' with message 'Unable to resolve the request "houtai/index/head".' in F:\upupw\htdocs\Yii1.1\framework\web\CWebApplication.php:286
Stack trace:
#0 F:\upupw\htdocs\Yii1.1\framework\web\CWebApplication.php(141): CWebApplication->runController('houtai/index/he...')
#1 F:\upupw\htdocs\Yii1.1\framework\base\CApplication.php(184): CWebApplication->processRequest()
#2 F:\upupw\htdocs\Yii1.1\shop\index.php(24): CApplication->run()
#3 {main}
REQUEST_URI=/index.php?r=houtai/index/head
HTTP_REFERER=http://yiishop.local/index.php?r=admin/index/index
---
2015/03/22 17:33:48 [error] [php] Undefined variable: goods_infos (F:\upupw\htdocs\Yii1.1\shop\protected\modules\admin\views\goods\show.php:50)
Stack trace:
#0 F:\upupw\htdocs\Yii1.1\framework\web\CController.php(869): GoodsController->renderFile()
#1 F:\upupw\htdocs\Yii1.1\shop\protected\modules\admin\controllers\GoodsController.php(44): GoodsController->renderPartial()
#2 F:\upupw\htdocs\Yii1.1\framework\web\actions\CInlineAction.php(49): GoodsController->actionShow()
#3 F:\upupw\htdocs\Yii1.1\framework\web\CController.php(308): CInlineAction->runWithParams()
#4 F:\upupw\htdocs\Yii1.1\framework\web\CController.php(286): GoodsController->runAction()
#5 F:\upupw\htdocs\Yii1.1\framework\web\CController.php(265): GoodsController->runActionWithFilters()
#6 F:\upupw\htdocs\Yii1.1\framework\web\CWebApplication.php(282): GoodsController->run()
#7 F:\upupw\htdocs\Yii1.1\framework\web\CWebApplication.php(141): CWebApplication->runController()
#8 F:\upupw\htdocs\Yii1.1\framework\base\CApplication.php(184): CWebApplication->processRequest()
#9 F:\upupw\htdocs\Yii1.1\shop\index.php(24): CWebApplication->run()
REQUEST_URI=/index.php?r=admin/goods/show
in F:\upupw\htdocs\Yii1.1\shop\protected\modules\admin\views\goods\show.php (50)
in F:\upupw\htdocs\Yii1.1\shop\protected\modules\admin\controllers\GoodsController.php (44)
in F:\upupw\htdocs\Yii1.1\shop\index.php (24)
2015/03/22 17:33:50 [error] [php] Undefined variable: goods_infos (F:\upupw\htdocs\Yii1.1\shop\protected\modules\admin\views\goods\show.php:50)
Stack trace:
#0 F:\upupw\htdocs\Yii1.1\framework\web\CController.php(869): GoodsController->renderFile()
#1 F:\upupw\htdocs\Yii1.1\shop\protected\modules\admin\controllers\GoodsController.php(44): GoodsController->renderPartial()
#2 F:\upupw\htdocs\Yii1.1\framework\web\actions\CInlineAction.php(49): GoodsController->actionShow()
#3 F:\upupw\htdocs\Yii1.1\framework\web\CController.php(308): CInlineAction->runWithParams()
#4 F:\upupw\htdocs\Yii1.1\framework\web\CController.php(286): GoodsController->runAction()
#5 F:\upupw\htdocs\Yii1.1\framework\web\CController.php(265): GoodsController->runActionWithFilters()
#6 F:\upupw\htdocs\Yii1.1\framework\web\CWebApplication.php(282): GoodsController->run()
#7 F:\upupw\htdocs\Yii1.1\framework\web\CWebApplication.php(141): CWebApplication->runController()
#8 F:\upupw\htdocs\Yii1.1\framework\base\CApplication.php(184): CWebApplication->processRequest()
#9 F:\upupw\htdocs\Yii1.1\shop\index.php(24): CWebApplication->run()
REQUEST_URI=/index.php?r=admin/goods/show
in F:\upupw\htdocs\Yii1.1\shop\protected\modules\admin\views\goods\show.php (50)
in F:\upupw\htdocs\Yii1.1\shop\protected\modules\admin\controllers\GoodsController.php (44)
in F:\upupw\htdocs\Yii1.1\shop\index.php (24)
2015/03/22 17:35:29 [error] [php] Undefined variable: goods_infos (F:\upupw\htdocs\Yii1.1\shop\protected\modules\admin\views\goods\show.php:50)
Stack trace:
#0 F:\upupw\htdocs\Yii1.1\framework\web\CController.php(869): GoodsController->renderFile()
#1 F:\upupw\htdocs\Yii1.1\shop\protected\modules\admin\controllers\GoodsController.php(44): GoodsController->renderPartial()
#2 F:\upupw\htdocs\Yii1.1\framework\web\actions\CInlineAction.php(49): GoodsController->actionShow()
#3 F:\upupw\htdocs\Yii1.1\framework\web\CController.php(308): CInlineAction->runWithParams()
#4 F:\upupw\htdocs\Yii1.1\framework\web\CController.php(286): GoodsController->runAction()
#5 F:\upupw\htdocs\Yii1.1\framework\web\CController.php(265): GoodsController->runActionWithFilters()
#6 F:\upupw\htdocs\Yii1.1\framework\web\CWebApplication.php(282): GoodsController->run()
#7 F:\upupw\htdocs\Yii1.1\framework\web\CWebApplication.php(141): CWebApplication->runController()
#8 F:\upupw\htdocs\Yii1.1\framework\base\CApplication.php(184): CWebApplication->processRequest()
#9 F:\upupw\htdocs\Yii1.1\shop\index.php(24): CWebApplication->run()
REQUEST_URI=/index.php?r=admin/goods/show
in F:\upupw\htdocs\Yii1.1\shop\protected\modules\admin\views\goods\show.php (50)
in F:\upupw\htdocs\Yii1.1\shop\protected\modules\admin\controllers\GoodsController.php (44)
in F:\upupw\htdocs\Yii1.1\shop\index.php (24)
2015/03/22 17:35:33 [error] [php] Undefined variable: goods_infos (F:\upupw\htdocs\Yii1.1\shop\protected\modules\admin\views\goods\show.php:50)
Stack trace:
#0 F:\upupw\htdocs\Yii1.1\framework\web\CController.php(869): GoodsController->renderFile()
#1 F:\upupw\htdocs\Yii1.1\shop\protected\modules\admin\controllers\GoodsController.php(44): GoodsController->renderPartial()
#2 F:\upupw\htdocs\Yii1.1\framework\web\actions\CInlineAction.php(49): GoodsController->actionShow()
#3 F:\upupw\htdocs\Yii1.1\framework\web\CController.php(308): CInlineAction->runWithParams()
#4 F:\upupw\htdocs\Yii1.1\framework\web\CController.php(286): GoodsController->runAction()
#5 F:\upupw\htdocs\Yii1.1\framework\web\CController.php(265): GoodsController->runActionWithFilters()
#6 F:\upupw\htdocs\Yii1.1\framework\web\CWebApplication.php(282): GoodsController->run()
#7 F:\upupw\htdocs\Yii1.1\framework\web\CWebApplication.php(141): CWebApplication->runController()
#8 F:\upupw\htdocs\Yii1.1\framework\base\CApplication.php(184): CWebApplication->processRequest()
#9 F:\upupw\htdocs\Yii1.1\shop\index.php(24): CWebApplication->run()
REQUEST_URI=/index.php?r=admin/goods/show
in F:\upupw\htdocs\Yii1.1\shop\protected\modules\admin\views\goods\show.php (50)
in F:\upupw\htdocs\Yii1.1\shop\protected\modules\admin\controllers\GoodsController.php (44)
in F:\upupw\htdocs\Yii1.1\shop\index.php (24)
2015/03/22 17:35:36 [error] [php] Undefined variable: goods_infos (F:\upupw\htdocs\Yii1.1\shop\protected\modules\admin\views\goods\show.php:50)
Stack trace:
#0 F:\upupw\htdocs\Yii1.1\framework\web\CController.php(869): GoodsController->renderFile()
#1 F:\upupw\htdocs\Yii1.1\shop\protected\modules\admin\controllers\GoodsController.php(44): GoodsController->renderPartial()
#2 F:\upupw\htdocs\Yii1.1\framework\web\actions\CInlineAction.php(49): GoodsController->actionShow()
#3 F:\upupw\htdocs\Yii1.1\framework\web\CController.php(308): CInlineAction->runWithParams()
#4 F:\upupw\htdocs\Yii1.1\framework\web\CController.php(286): GoodsController->runAction()
#5 F:\upupw\htdocs\Yii1.1\framework\web\CController.php(265): GoodsController->runActionWithFilters()
#6 F:\upupw\htdocs\Yii1.1\framework\web\CWebApplication.php(282): GoodsController->run()
#7 F:\upupw\htdocs\Yii1.1\framework\web\CWebApplication.php(141): CWebApplication->runController()
#8 F:\upupw\htdocs\Yii1.1\framework\base\CApplication.php(184): CWebApplication->processRequest()
#9 F:\upupw\htdocs\Yii1.1\shop\index.php(24): CWebApplication->run()
REQUEST_URI=/index.php?r=admin/goods/show
in F:\upupw\htdocs\Yii1.1\shop\protected\modules\admin\views\goods\show.php (50)
in F:\upupw\htdocs\Yii1.1\shop\protected\modules\admin\controllers\GoodsController.php (44)
in F:\upupw\htdocs\Yii1.1\shop\index.php (24)
2015/03/22 17:35:36 [error] [php] Undefined variable: goods_infos (F:\upupw\htdocs\Yii1.1\shop\protected\modules\admin\views\goods\show.php:50)
Stack trace:
#0 F:\upupw\htdocs\Yii1.1\framework\web\CController.php(869): GoodsController->renderFile()
#1 F:\upupw\htdocs\Yii1.1\shop\protected\modules\admin\controllers\GoodsController.php(44): GoodsController->renderPartial()
#2 F:\upupw\htdocs\Yii1.1\framework\web\actions\CInlineAction.php(49): GoodsController->actionShow()
#3 F:\upupw\htdocs\Yii1.1\framework\web\CController.php(308): CInlineAction->runWithParams()
#4 F:\upupw\htdocs\Yii1.1\framework\web\CController.php(286): GoodsController->runAction()
#5 F:\upupw\htdocs\Yii1.1\framework\web\CController.php(265): GoodsController->runActionWithFilters()
#6 F:\upupw\htdocs\Yii1.1\framework\web\CWebApplication.php(282): GoodsController->run()
#7 F:\upupw\htdocs\Yii1.1\framework\web\CWebApplication.php(141): CWebApplication->runController()
#8 F:\upupw\htdocs\Yii1.1\framework\base\CApplication.php(184): CWebApplication->processRequest()
#9 F:\upupw\htdocs\Yii1.1\shop\index.php(24): CWebApplication->run()
REQUEST_URI=/index.php?r=admin/goods/show
in F:\upupw\htdocs\Yii1.1\shop\protected\modules\admin\views\goods\show.php (50)
in F:\upupw\htdocs\Yii1.1\shop\protected\modules\admin\controllers\GoodsController.php (44)
in F:\upupw\htdocs\Yii1.1\shop\index.php (24)
2015/03/22 17:35:37 [error] [php] Undefined variable: goods_infos (F:\upupw\htdocs\Yii1.1\shop\protected\modules\admin\views\goods\show.php:50)
Stack trace:
#0 F:\upupw\htdocs\Yii1.1\framework\web\CController.php(869): GoodsController->renderFile()
#1 F:\upupw\htdocs\Yii1.1\shop\protected\modules\admin\controllers\GoodsController.php(44): GoodsController->renderPartial()
#2 F:\upupw\htdocs\Yii1.1\framework\web\actions\CInlineAction.php(49): GoodsController->actionShow()
#3 F:\upupw\htdocs\Yii1.1\framework\web\CController.php(308): CInlineAction->runWithParams()
#4 F:\upupw\htdocs\Yii1.1\framework\web\CController.php(286): GoodsController->runAction()
#5 F:\upupw\htdocs\Yii1.1\framework\web\CController.php(265): GoodsController->runActionWithFilters()
#6 F:\upupw\htdocs\Yii1.1\framework\web\CWebApplication.php(282): GoodsController->run()
#7 F:\upupw\htdocs\Yii1.1\framework\web\CWebApplication.php(141): CWebApplication->runController()
#8 F:\upupw\htdocs\Yii1.1\framework\base\CApplication.php(184): CWebApplication->processRequest()
#9 F:\upupw\htdocs\Yii1.1\shop\index.php(24): CWebApplication->run()
REQUEST_URI=/index.php?r=admin/goods/show
in F:\upupw\htdocs\Yii1.1\shop\protected\modules\admin\views\goods\show.php (50)
in F:\upupw\htdocs\Yii1.1\shop\protected\modules\admin\controllers\GoodsController.php (44)
in F:\upupw\htdocs\Yii1.1\shop\index.php (24)
2015/03/22 17:35:42 [error] [php] Undefined variable: goods_infos (F:\upupw\htdocs\Yii1.1\shop\protected\modules\admin\views\goods\show.php:50)
Stack trace:
#0 F:\upupw\htdocs\Yii1.1\framework\web\CController.php(869): GoodsController->renderFile()
#1 F:\upupw\htdocs\Yii1.1\shop\protected\modules\admin\controllers\GoodsController.php(44): GoodsController->renderPartial()
#2 F:\upupw\htdocs\Yii1.1\framework\web\actions\CInlineAction.php(49): GoodsController->actionShow()
#3 F:\upupw\htdocs\Yii1.1\framework\web\CController.php(308): CInlineAction->runWithParams()
#4 F:\upupw\htdocs\Yii1.1\framework\web\CController.php(286): GoodsController->runAction()
#5 F:\upupw\htdocs\Yii1.1\framework\web\CController.php(265): GoodsController->runActionWithFilters()
#6 F:\upupw\htdocs\Yii1.1\framework\web\CWebApplication.php(282): GoodsController->run()
#7 F:\upupw\htdocs\Yii1.1\framework\web\CWebApplication.php(141): CWebApplication->runController()
#8 F:\upupw\htdocs\Yii1.1\framework\base\CApplication.php(184): CWebApplication->processRequest()
#9 F:\upupw\htdocs\Yii1.1\shop\index.php(24): CWebApplication->run()
REQUEST_URI=/index.php?r=admin/goods/show
in F:\upupw\htdocs\Yii1.1\shop\protected\modules\admin\views\goods\show.php (50)
in F:\upupw\htdocs\Yii1.1\shop\protected\modules\admin\controllers\GoodsController.php (44)
in F:\upupw\htdocs\Yii1.1\shop\index.php (24)
